<?xml version="1.0" encoding="UTF-8"?>
<testsuite xmlns:xsi="http://www.w3.org/2001/XMLSchema-instance" xsi:noNamespaceSchemaLocation="https://maven.apache.org/surefire/maven-surefire-plugin/xsd/surefire-test-report-3.0.xsd" version="3.0" name="StepDefinitions.BackgroundDemoTest" time="0.839" tests="2" errors="0" skipped="0" failures="0">
  <properties>
[...]
</properties>
  <testcase name="check logout link" classname="Check home page functionality" time="0.135">
    <system-out><![CDATA[
Scenario: check logout link             &amp#27;[90m# src/test/resources/Features/BackgroundDemo/BackgroundDemo.feature:9&amp#27;[0m
  &amp#27;[32mGiven &amp#27;[0m&amp#27;[32muser is on login page&amp#27;[0m           &amp#27;[90m# StepsForBackground.BackgroundDemoSteps.user_is_on_login_page()&amp#27;[0m
  &amp#27;[32mWhen &amp#27;[0m&amp#27;[32muser enter username and password&amp#27;[0m &amp#27;[90m# StepsForBackground.BackgroundDemoSteps.user_enter_username_and_password()&amp#27;[0m
  &amp#27;[32mAnd &amp#27;[0m&amp#27;[32mclicks on login button&amp#27;[0m            &amp#27;[90m# StepsForBackground.BackgroundDemoSteps.clicks_on_login_button()&amp#27;[0m
  &amp#27;[32mThen &amp#27;[0m&amp#27;[32muser is navigated to home page&amp#27;[0m   &amp#27;[90m# StepsForBackground.BackgroundDemoSteps.user_is_navigated_to_home_page()&amp#27;[0m
  &amp#27;[32mWhen &amp#27;[0m&amp#27;[32muser clicks on welcome link&amp#27;[0m      &amp#27;[90m# StepsForBackground.BackgroundDemoSteps.user_clicks_on_welcome_link()&amp#27;[0m
  &amp#27;[32mThen &amp#27;[0m&amp#27;[32mlogout link is displayed&amp#27;[0m         &amp#27;[90m# StepsForBackground.BackgroundDemoSteps.logout_link_is_displayed()&amp#27;[0m
]]></system-out>
  </testcase>
  <testcase name="verify quick launch toolbar is present" classname="Check home page functionality" time="0.009">
    <system-out><![CDATA[
Scenario: verify quick launch toolbar is present &amp#27;[90m# src/test/resources/Features/BackgroundDemo/BackgroundDemo.feature:13&amp#27;[0m
  &amp#27;[32mGiven &amp#27;[0m&amp#27;[32muser is on login page&amp#27;[0m                    &amp#27;[90m# StepsForBackground.BackgroundDemoSteps.user_is_on_login_page()&amp#27;[0m
  &amp#27;[32mWhen &amp#27;[0m&amp#27;[32muser enter username and password&amp#27;[0m          &amp#27;[90m# StepsForBackground.BackgroundDemoSteps.user_enter_username_and_password()&amp#27;[0m
  &amp#27;[32mAnd &amp#27;[0m&amp#27;[32mclicks on login button&amp#27;[0m                     &amp#27;[90m# StepsForBackground.BackgroundDemoSteps.clicks_on_login_button()&amp#27;[0m
  &amp#27;[32mThen &amp#27;[0m&amp#27;[32muser is navigated to home page&amp#27;[0m            &amp#27;[90m# StepsForBackground.BackgroundDemoSteps.user_is_navigated_to_home_page()&amp#27;[0m
  &amp#27;[32mWhen &amp#27;[0m&amp#27;[32muser clicks on dashboard link&amp#27;[0m             &amp#27;[90m# StepsForBackground.BackgroundDemoSteps.user_clicks_on_dashboard_link()&amp#27;[0m
  &amp#27;[32mThen &amp#27;[0m&amp#27;[32mquick launch toolbar is displayed&amp#27;[0m         &amp#27;[90m# StepsForBackground.BackgroundDemoSteps.quick_launch_toolbar_is_displayed()&amp#27;[0m
]]></system-out>
  </testcase>
</testsuite>